0 info it worked if it ends with ok
1 verbose cli [ '/usr/local/Cellar/node/8.2.1/bin/node',
1 verbose cli   '/usr/local/lib/node_modules/npm/bin/npm-cli.js',
1 verbose cli   'run',
1 verbose cli   'start',
1 verbose cli   '--scripts-prepend-node-path=auto' ]
2 info using npm@3.8.3
3 info using node@v8.2.1
4 verbose run-script [ 'prestart', 'start', 'poststart' ]
5 info lifecycle Tread-Station@0.5.0~prestart: Tread-Station@0.5.0
6 silly lifecycle Tread-Station@0.5.0~prestart: no script for prestart, continuing
7 info lifecycle Tread-Station@0.5.0~start: Tread-Station@0.5.0
8 verbose lifecycle Tread-Station@0.5.0~start: unsafe-perm in lifecycle true
9 verbose lifecycle Tread-Station@0.5.0~start: PATH: /usr/local/lib/node_modules/npm/bin/node-gyp-bin:/Users/colinmackenzie/Projects/tread-station/ui/node_modules/.bin:/usr/local/Cellar/node/8.2.1/bin:/opt/local/bin:/opt/local/sbin:/usr/local/bin:/usr/bin:/bin:/usr/sbin:/sbin
10 verbose lifecycle Tread-Station@0.5.0~start: CWD: /Users/colinmackenzie/Projects/tread-station/ui
11 silly lifecycle Tread-Station@0.5.0~start: Args: [ '-c', 'webpack-dev-server' ]
12 silly lifecycle Tread-Station@0.5.0~start: Returned: code: 1  signal: null
13 info lifecycle Tread-Station@0.5.0~start: Failed to exec start script
14 verbose stack Error: Tread-Station@0.5.0 start: `webpack-dev-server`
14 verbose stack Exit status 1
14 verbose stack     at EventEmitter.<anonymous> (/usr/local/lib/node_modules/npm/lib/utils/lifecycle.js:239:16)
14 verbose stack     at emitTwo (events.js:125:13)
14 verbose stack     at EventEmitter.emit (events.js:213:7)
14 verbose stack     at ChildProcess.<anonymous> (/usr/local/lib/node_modules/npm/lib/utils/spawn.js:24:14)
14 verbose stack     at emitTwo (events.js:125:13)
14 verbose stack     at ChildProcess.emit (events.js:213:7)
14 verbose stack     at maybeClose (internal/child_process.js:921:16)
14 verbose stack     at Process.ChildProcess._handle.onexit (internal/child_process.js:211:5)
15 verbose pkgid Tread-Station@0.5.0
16 verbose cwd /Users/colinmackenzie/Projects/tread-station/ui
17 error Darwin 15.5.0
18 error argv "/usr/local/Cellar/node/8.2.1/bin/node" "/usr/local/lib/node_modules/npm/bin/npm-cli.js" "run" "start" "--scripts-prepend-node-path=auto"
19 error node v8.2.1
20 error npm  v3.8.3
21 error code ELIFECYCLE
22 error Tread-Station@0.5.0 start: `webpack-dev-server`
22 error Exit status 1
23 error Failed at the Tread-Station@0.5.0 start script 'webpack-dev-server'.
23 error Make sure you have the latest version of node.js and npm installed.
23 error If you do, this is most likely a problem with the Tread-Station package,
23 error not with npm itself.
23 error Tell the author that this fails on your system:
23 error     webpack-dev-server
23 error You can get information on how to open an issue for this project with:
23 error     npm bugs Tread-Station
23 error Or if that isn't available, you can get their info via:
23 error     npm owner ls Tread-Station
23 error There is likely additional logging output above.
24 verbose exit [ 1, true ]
